<?xml version="1.0" encoding="UTF-8"?>
<testng-results ignored="0" total="1" passed="1" failed="0" skipped="0">
  <reporter-output>
    <line>
      <![CDATA[Extent Report DirectoryC:\Users\mdshu\Downloads\Bootcamp2020Selenium\LesKodeIt\target\surefire-reports\html]]>
    </line>
  </reporter-output>
  <suite started-at="2020-02-19T22:40:27 EST" name="LetsKodeIt Automation Script" finished-at="2020-02-19T22:40:42 EST" duration-ms="15633">
    <groups>
    </groups>
    <test started-at="2020-02-19T22:40:27 EST" name="Letskodeit Home" finished-at="2020-02-19T22:40:42 EST" duration-ms="15633">
      <class name="testhomepage.TestHomepage">
        <test-method is-config="true" signature="extentSetup(org.testng.ITestContext)[pri:0, instance:testhomepage.TestHomepage@67e2d983]" started-at="2020-02-19T22:40:26 EST" name="extentSetup" finished-at="2020-02-19T22:40:27 EST" duration-ms="338" status="PASS">
          <params>
            <param index="0">
              <value>
                <![CDATA[org.testng.TestRunner@5987e932]]>
              </value>
            </param>
          </params>
          <reporter-output>
            <line>
              <![CDATA[Extent Report DirectoryC:\Users\mdshu\Downloads\Bootcamp2020Selenium\LesKodeIt\target\surefire-reports\html]]>
            </line>
          </reporter-output>
        </test-method> <!-- extentSetup -->
        <test-method is-config="true" signature="setUp(boolean, java.lang.String, java.lang.String, java.lang.String, java.lang.String, java.lang.String, java.lang.String)[pri:0, instance:testhomepage.TestHomepage@67e2d983]" started-at="2020-02-19T22:40:27 EST" name="setUp" finished-at="2020-02-19T22:40:39 EST" duration-ms="12010" status="PASS">
          <params>
            <param index="0">
              <value>
                <![CDATA[false]]>
              </value>
            </param>
            <param index="1">
              <value>
                <![CDATA[browserstack]]>
              </value>
            </param>
            <param index="2">
              <value>
                <![CDATA[windows]]>
              </value>
            </param>
            <param index="3">
              <value>
                <![CDATA[10]]>
              </value>
            </param>
            <param index="4">
              <value>
                <![CDATA[chrome]]>
              </value>
            </param>
            <param index="5">
              <value>
                <![CDATA[79]]>
              </value>
            </param>
            <param index="6">
              <value>
                <![CDATA[https://learn.letskodeit.com/]]>
              </value>
            </param>
          </params>
          <reporter-output>
          </reporter-output>
        </test-method> <!-- setUp -->
        <test-method is-config="true" signature="startExtent(java.lang.reflect.Method)[pri:0, instance:testhomepage.TestHomepage@67e2d983]" started-at="2020-02-19T22:40:39 EST" name="startExtent" finished-at="2020-02-19T22:40:39 EST" duration-ms="6" status="PASS">
          <params>
            <param index="0">
              <value>
                <![CDATA[public static void testhomepage.TestHomepage.testPracticeButton() throws java.lang.InterruptedException]]>
              </value>
            </param>
          </params>
          <reporter-output>
          </reporter-output>
        </test-method> <!-- startExtent -->
        <test-method signature="testPracticeButton()[pri:0, instance:testhomepage.TestHomepage@67e2d983]" started-at="2020-02-19T22:40:39 EST" name="testPracticeButton" finished-at="2020-02-19T22:40:41 EST" duration-ms="2269" status="PASS">
          <reporter-output>
          </reporter-output>
        </test-method> <!-- testPracticeButton -->
        <test-method is-config="true" signature="afterEachTestMethod(org.testng.ITestResult)[pri:0, instance:testhomepage.TestHomepage@67e2d983]" started-at="2020-02-19T22:40:41 EST" name="afterEachTestMethod" finished-at="2020-02-19T22:40:42 EST" duration-ms="1299" status="PASS">
          <params>
            <param index="0">
              <value>
                <![CDATA[[TestResult name=testPracticeButton status=SUCCESS method=TestHomepage.testPracticeButton()[pri:0, instance:testhomepage.TestHomepage@67e2d983] output={null}]]]>
              </value>
            </param>
          </params>
          <reporter-output>
          </reporter-output>
        </test-method> <!-- afterEachTestMethod -->
        <test-method is-config="true" signature="cleanUp()[pri:0, instance:testhomepage.TestHomepage@67e2d983]" started-at="2020-02-19T22:40:42 EST" name="cleanUp" finished-at="2020-02-19T22:40:42 EST" duration-ms="0" status="PASS">
          <reporter-output>
          </reporter-output>
        </test-method> <!-- cleanUp -->
        <test-method is-config="true" signature="generateReport()[pri:0, instance:testhomepage.TestHomepage@67e2d983]" started-at="2020-02-19T22:40:42 EST" name="generateReport" finished-at="2020-02-19T22:40:43 EST" duration-ms="130" status="PASS">
          <reporter-output>
          </reporter-output>
        </test-method> <!-- generateReport -->
      </class> <!-- testhomepage.TestHomepage -->
    </test> <!-- Letskodeit Home -->
  </suite> <!-- LetsKodeIt Automation Script -->
</testng-results>
